[2016.03.28-00.36.15:848][  0]Log file open, 03/27/16 20:36:15
[2016.03.28-00.36.15:848][  0]LogInit:Display: Running engine for game: GitOutThere
[2016.03.28-00.36.15:848][  0]LogPlatformFile: Not using cached read wrapper
[2016.03.28-00.36.15:848][  0]LogInit:Display: RandInit(1356204362) SRandInit(1356204365).
[2016.03.28-00.36.15:848][  0]LogTaskGraph: Started task graph with 4 named threads and 7 total threads.
[2016.03.28-00.36.15:848][  0]LogStats: Stats thread started at 0.331629
[2016.03.28-00.36.15:848][  0]LogInit: Version: 4.10.2-2818068+++depot+UE4-Releases+4.10
[2016.03.28-00.36.15:848][  0]LogInit: API Version: 2758231
[2016.03.28-00.36.15:848][  0]LogInit: Compiled (64-bit): Jan  6 2016 17:36:42
[2016.03.28-00.36.15:848][  0]LogInit: Compiled with Visual C++: 19.00.23026.00
[2016.03.28-00.36.15:848][  0]LogInit: Build Configuration: Development
[2016.03.28-00.36.15:848][  0]LogInit: Branch Name: ++depot+UE4-Releases+4.10
[2016.03.28-00.36.15:848][  0]LogInit: Command line:  
[2016.03.28-00.36.15:848][  0]LogInit: Base directory: D:/Epic Games/4.10/Engine/Binaries/Win64/
[2016.03.28-00.36.15:848][  0]LogInit: Rocket: 1
[2016.03.28-00.36.15:885][  0]LogInit: Using libcurl 7.41.0
[2016.03.28-00.36.15:885][  0]LogInit:  - built for x86_64-pc-win32
[2016.03.28-00.36.15:885][  0]LogInit:  - supports SSL with WinSSL
[2016.03.28-00.36.15:885][  0]LogInit:  - other features:
[2016.03.28-00.36.15:885][  0]LogInit:      CURL_VERSION_SSL
[2016.03.28-00.36.15:885][  0]LogInit:      CURL_VERSION_IPV6
[2016.03.28-00.36.15:885][  0]LogInit:      CURL_VERSION_ASYNCHDNS
[2016.03.28-00.36.15:885][  0]LogInit:      CURL_VERSION_LARGEFILE
[2016.03.28-00.36.15:885][  0]LogInit:      CURL_VERSION_IDN
[2016.03.28-00.36.15:885][  0]LogInit:  CurlRequestOptions (configurable via config and command line):
[2016.03.28-00.36.15:885][  0]LogInit:  - bVerifyPeer = true  - Libcurl will verify peer certificate
[2016.03.28-00.36.15:885][  0]LogInit:  - bUseHttpProxy = false  - Libcurl will NOT use HTTP proxy
[2016.03.28-00.36.15:885][  0]LogInit:  - bDontReuseConnections = false  - Libcurl will reuse connections
[2016.03.28-00.36.15:885][  0]LogInit:  - CertBundlePath = nullptr  - Libcurl will use whatever was configured at build time.
[2016.03.28-00.36.15:921][  0]LogInit: Presizing for 0 objects not considered by GC, pre-allocating 0 bytes.
[2016.03.28-00.36.15:930][  0]LogInit: Object subsystem initialized
[2016.03.28-00.36.15:931][  0]LogInit: Selected Device Profile: [Windows]
[2016.03.28-00.36.15:931][  0]LogInit: Applying CVar settings loaded from the selected device profile: [Windows]
[2016.03.28-00.36.15:954][  0]LogInit: Computer: SWOLDIER-PC
[2016.03.28-00.36.15:954][  0]LogInit: User: Swoldier
[2016.03.28-00.36.15:954][  0]LogInit: CPU Page size=4096, Cores=4
[2016.03.28-00.36.15:954][  0]LogInit: High frequency timer resolution =3.342695 MHz
[2016.03.28-00.36.15:954][  0]LogMemory: Memory total: Physical=8.0GB (8GB approx)
[2016.03.28-00.36.15:954][  0]LogMemory: Platform Memory Stats for Windows
[2016.03.28-00.36.15:954][  0]LogMemory: Process Physical Memory: 55.50 MB used, 55.50 MB peak
[2016.03.28-00.36.15:954][  0]LogMemory: Process Virtual Memory: 59.74 MB used, 59.74 MB peak
[2016.03.28-00.36.15:954][  0]LogMemory: Physical Memory: 6967.15 MB used, 8189.24 MB total
[2016.03.28-00.36.15:954][  0]LogMemory: Virtual Memory: 354.95 MB used, 8388608.00 MB total
[2016.03.28-00.36.16:180][  0]LogTextLocalizationManager: No specific translations for ('en-US') exist, so ('en') translations will be used.
[2016.03.28-00.36.16:927][  0]LogD3D11RHI: Found D3D11 adapter 0: NVIDIA GeForce GTX 960 (Feature Level 11_0)
[2016.03.28-00.36.16:927][  0]LogD3D11RHI: Adapter has 4010MB of dedicated video memory, 0MB of dedicated system memory, and 3838MB of shared system memory, 1 output[s]
[2016.03.28-00.36.16:927][  0]LogD3D11RHI: Chosen D3D11 Adapter Id = 0
[2016.03.28-00.36.16:941][  0]LogD3D11RHI: !Direct3DDevice
[2016.03.28-00.36.16:941][  0]LogRHI: Texture pool is 1361 MB (70% of 1945 MB)
[2016.03.28-00.36.16:955][  0]LogD3D11RHI: Async texture creation enabled
[2016.03.28-00.36.16:970][  0]LogShaderCompilers: Guid format shader working directory is 16 characters bigger than the processId version (../../../../../DickMeUp/DickMeUp/Intermediate/Shaders/WorkingDirectory/13816/).
[2016.03.28-00.36.16:970][  0]LogShaderCompilers: Cleaned the shader compiler working directory 'C:/Users/Swoldier/AppData/Local/Temp/UnrealShaderWorkingDir/F220CE5F47816554D222D5BBB8AC5F93/'.
[2016.03.28-00.36.16:970][  0]LogShaderCompilers:Display: Using Local Shader Compiler.
[2016.03.28-00.36.19:285][  0]LogTemp:Display: Loaded TP AllDesktopTargetPlatform
[2016.03.28-00.36.19:293][  0]LogTemp:Display: Loaded TP WindowsClientTargetPlatform
[2016.03.28-00.36.19:300][  0]LogTemp:Display: Loaded TP WindowsNoEditorTargetPlatform
[2016.03.28-00.36.19:308][  0]LogTemp:Display: Loaded TP WindowsServerTargetPlatform
[2016.03.28-00.36.19:315][  0]LogTemp:Display: Loaded TP WindowsTargetPlatform
[2016.03.28-00.36.19:320][  0]LogTemp:Display: Loaded TP AndroidTargetPlatform
[2016.03.28-00.36.19:325][  0]LogTemp:Display: Loaded TP Android_ASTCTargetPlatform
[2016.03.28-00.36.19:329][  0]LogTemp:Display: Loaded TP Android_ATCTargetPlatform
[2016.03.28-00.36.19:334][  0]LogTemp:Display: Loaded TP Android_DXTTargetPlatform
[2016.03.28-00.36.19:338][  0]LogTemp:Display: Loaded TP Android_ETC1TargetPlatform
[2016.03.28-00.36.19:343][  0]LogTemp:Display: Loaded TP Android_ETC2TargetPlatform
[2016.03.28-00.36.19:353][  0]LogTemp:Display: Loaded TP Android_MultiTargetPlatform
[2016.03.28-00.36.19:353][  0]LogTemp:Display: Loaded TP Android_PVRTCTargetPlatform
[2016.03.28-00.36.19:355][  0]LogTemp:Display: Loaded TP HTML5TargetPlatform
[2016.03.28-00.36.19:396][  0]LogTemp:Display: Loaded TP IOSTargetPlatform
[2016.03.28-00.36.19:400][  0]LogTemp:Display: Loaded TP LinuxNoEditorTargetPlatform
[2016.03.28-00.36.19:404][  0]LogTemp:Display: Loaded TP LinuxServerTargetPlatform
[2016.03.28-00.36.19:426][  0]LogTemp:Display: Loaded TP LinuxTargetPlatform
[2016.03.28-00.36.19:426][  0]LogTargetPlatformManager:Display: Building Assets For Windows
[2016.03.28-00.36.19:777][  0]LogDerivedDataCache:Display: Max Cache Size: 512 MB
[2016.03.28-00.36.19:982][  0]LogDerivedDataCache: Loaded boot cache 0.21s 41MB C:/Users/Swoldier/AppData/Local/UnrealEngine/4.10/DerivedDataCache/Boot.ddc.
[2016.03.28-00.36.19:982][  0]LogDerivedDataCache:Display: Loaded Boot cache: C:/Users/Swoldier/AppData/Local/UnrealEngine/4.10/DerivedDataCache/Boot.ddc
[2016.03.28-00.36.19:983][  0]LogDerivedDataCache: FDerivedDataBackendGraph:  Pak pak cache file ../../../../../DickMeUp/DickMeUp/DerivedDataCache/DDC.ddp not found, will not use a pak cache.
[2016.03.28-00.36.19:983][  0]LogDerivedDataCache: Unable to find inner node Pak for hierarchical cache Hierarchy.
[2016.03.28-00.36.19:983][  0]LogDerivedDataCache: FDerivedDataBackendGraph:  CompressedPak pak cache file ../../../../../DickMeUp/DickMeUp/DerivedDataCache/Compressed.ddp not found, will not use a pak cache.
[2016.03.28-00.36.19:983][  0]LogDerivedDataCache: Unable to find inner node CompressedPak for hierarchical cache Hierarchy.
[2016.03.28-00.36.20:090][  0]LogDerivedDataCache:Display: Pak cache opened for reading ../../../Engine/DerivedDataCache/Compressed.ddp.
[2016.03.28-00.36.20:102][  0]LogDerivedDataCache: Using Local data cache path C:/Users/Swoldier/AppData/Local/UnrealEngine/Common/DerivedDataCache: Writable
[2016.03.28-00.36.22:969][  0]LogInit: Selected Device Profile: [Windows]
[2016.03.28-00.36.22:970][  0]LogContentStreaming: Texture pool size is 0.000000MB
[2016.03.28-00.36.23:039][  0]LogMeshUtilities: No automatic mesh reduction module available
[2016.03.28-00.36.23:039][  0]LogMeshUtilities: No automatic mesh merging module available
[2016.03.28-00.36.23:603][  0]LogInit: WinSock: version 1.1 (2.2), MaxSocks=32767, MaxUdp=65467
[2016.03.28-00.36.36:364][  0]UdpMessaging: Initializing bridge on interface 0.0.0.0:0 to multicast group 230.0.0.1:6666.
[2016.03.28-00.36.36:624][  0]LogAssetRegistry: FAssetRegistry took 0.0109 seconds to start up
[2016.03.28-00.36.37:117][  0]SourceControl: Info Source control is disabled
[2016.03.28-00.36.37:119][  0]SourceControl: Info Source control is disabled
[2016.03.28-00.36.37:178][  0]SourceControl: Info Source control is disabled
[2016.03.28-00.36.37:214][  0]SourceControl: Info Source control is disabled
[2016.03.28-00.36.38:002][  0]LogObj: 28633 objects as part of root set at end of initial load.
[2016.03.28-00.36.38:002][  0]LogUObjectAllocator: 6099744 out of 0 bytes used by permanent object pool.
[2016.03.28-00.36.38:168][  0]LogEngine: Initializing Engine...
[2016.03.28-00.36.38:170][  0]LogHMD: Can't find Oculus library dev build: is proper Runtime installed? Version: 0.8.0.0
[2016.03.28-00.36.38:192][  0]LogHMD: SteamVR failed to initialize.  Err: 110
[2016.03.28-00.36.38:389][  0]LogAIModule: Creating AISystem for world NewWorld
[2016.03.28-00.36.38:426][  0]LogInit: XAudio2 using 'Speakers (6- Logitech G430 Gaming Headset)' : 2 channels at 44.1 kHz using 16 bits per sample (channel mask 0x3)
[2016.03.28-00.36.38:452][  0]LogInit: FAudioDevice initialized.
[2016.03.28-00.36.38:499][  0]LogDerivedDataCache: Saved boot cache 0.05s 41MB C:/Users/Swoldier/AppData/Local/UnrealEngine/4.10/DerivedDataCache/Boot.ddc.
[2016.03.28-00.36.38:512][  0]LogInit: Texture streaming: Enabled
[2016.03.28-00.36.38:551][  0]LogAnalytics: Creating configured Analytics provider AnalyticsET
[2016.03.28-00.36.38:551][  0]LogAnalytics: [UEEditor.Rocket.Release] APIServer = http://et2.epicgames.com/ET2/. AppVersion = 4.10.2-2818068+++depot+UE4-Releases+4.10
[2016.03.28-00.36.38:551][  0]LogAnalytics: [UEEditor.Rocket.Release] SetUserId 07edad4c473156786cf7a2ad6ec34b9c|e9f637437877407a9e0f2ad27a109713|ee45e9e7-bc90-4fab-8965-d60e79ac7869
[2016.03.28-00.36.38:551][  0]LogAnalytics: [UEEditor.Rocket.Release] AnalyticsET::StartSession
[2016.03.28-00.36.38:614][  0]LogInit: Transaction tracking system initialized
[2016.03.28-00.36.38:859][  0]BlueprintLog: New page: Editor Load
[2016.03.28-00.36.39:803][  0]LocalizationService: Info Localization service is disabled
[2016.03.28-00.36.40:403][  0]LogConsoleResponse:Display: 
[2016.03.28-00.36.41:329][  0]LogCook:Display: Done creating registry. It took  0.00s.
[2016.03.28-00.36.42:070][  0]LogFileCache: Scanning file cache for directory 'D:/DickMeUp/DickMeUp/Content/' took 0.02s
[2016.03.28-00.36.42:100][  0]SourceControl: Info Source control is disabled
[2016.03.28-00.36.42:100][  0]Cmd: MAP LOAD FILE="../../../../../DickMeUp/DickMeUp/Content/ThirdPersonBP/Maps/ThirdPersonExampleMap.umap" TEMPLATE=0 SHOWPROGRESS=1 FEATURELEVEL=3
[2016.03.28-00.36.42:101][  0]LightingResults: New page: Lighting Build
[2016.03.28-00.36.42:106][  0]MapCheck: New page: Map Check
[2016.03.28-00.36.42:106][  0]LightingResults: New page: Lighting Build
[2016.03.28-00.36.42:121][  0]LogParticles: Destroying 0 GPU particle simulations for FXSystem 0x00000000230AEAC0
[2016.03.28-00.36.43:386][  0]LogAIModule: Creating AISystem for world ThirdPersonExampleMap
[2016.03.28-00.36.43:397][  0]LogEditorServer: Finished looking for orphan Actors (0.000 secs)
[2016.03.28-00.36.43:398][  0]Cmd: MAP CHECKDEP NOCLEARLOG
[2016.03.28-00.36.43:520][  0]MapCheck: Info Map check complete: 0 Error(s), 0 Warning(s), took 121.369ms to complete.
[2016.03.28-00.36.43:520][  0]LogFileHelpers: Loading map 'ThirdPersonExampleMap' took 1.420
[2016.03.28-00.36.43:709][  0]LogCollectionManager: Loaded 0 collections in 0.003611 seconds
[2016.03.28-00.36.43:750][  0]LogFileCache: Scanning file cache for directory 'D:/DickMeUp/DickMeUp/Saved/Collections/' took 0.01s
[2016.03.28-00.36.43:750][  0]LogFileCache: Scanning file cache for directory 'D:/DickMeUp/DickMeUp/Content/Developers/Swoldier/Collections/' took 0.01s
[2016.03.28-00.36.43:750][  0]LogFileCache: Scanning file cache for directory 'D:/DickMeUp/DickMeUp/Content/Collections/' took 0.01s
[2016.03.28-00.36.43:750][  0]LogCollectionManager: Rebuilt the GUID cache for 0 collections in 0.000001 seconds
[2016.03.28-00.36.43:762][  0]LogContentBrowser: Native class hierarchy populated in 0.0113 seconds. Added 1893 classes and 338 folders.
[2016.03.28-00.36.43:778][  0]LogContentBrowser: Native class hierarchy updated for 'WidgetCarousel' in 0.0007 seconds. Added 0 classes and 0 folders.
[2016.03.28-00.36.44:336][  0]LogContentBrowser: Native class hierarchy updated for 'AddContentDialog' in 0.0005 seconds. Added 0 classes and 0 folders.
[2016.03.28-00.36.44:399][  0]LogContentBrowser: Native class hierarchy updated for 'SceneOutliner' in 0.0005 seconds. Added 1 classes and 2 folders.
[2016.03.28-00.36.44:515][  0]LogCrashTracker: Crashtracker disabled due to settings.
[2016.03.28-00.36.44:525][  0]LogUObjectGlobals:Warning: Failed to find object 'Class None.'
[2016.03.28-00.36.44:547][  0]LogLoad: Full Startup: 29.86 seconds (BP compile: 0.18 seconds)
[2016.03.28-00.36.44:888][  0]LogOcInput: Can't find Oculus library dev build: is proper Runtime installed? Version: 0.8.0.0
[2016.03.28-00.36.44:945][  0]LogContentStreaming: Texture pool size now 1000 MB
[2016.03.28-00.36.45:162][  0]LogRenderer: Reallocating scene render targets to support 1176x604 (Frame:2).
[2016.03.28-00.36.46:664][  5]LogAssetRegistry: Asset discovery search completed in 10.0517 seconds
[2016.03.28-00.36.46:664][  5]LogCollectionManager: Rebuilt the object cache for 0 collections in 0.000001 seconds (found 0 objects)
[2016.03.28-00.36.46:664][  5]LogCollectionManager: Fixed up redirectors for 0 collections in 0.000022 seconds (updated 0 objects)
[2016.03.28-00.38.55:998][712]SourceControl:Error: Error Failed to enable Git source control. You need to initialize the project as a Git repository first.
[2016.03.28-00.39.05:330][782]SourceControl:Error: Error Failed to enable Git source control. You need to initialize the project as a Git repository first.
[2016.03.28-00.39.09:742][282]SourceControl:Error: Error Failed to enable Git source control. You need to initialize the project as a Git repository first.
[2016.03.28-00.42.03:615][412]SourceControl:Error: Error Failed to enable Git source control. You need to initialize the project as a Git repository first.
[2016.03.28-00.42.04:086][451]SourceControl:Error: Error Failed to enable Git source control. You need to initialize the project as a Git repository first.
[2016.03.28-00.42.12:215][371]SourceControl:Error: Error Failed to enable Git source control. You need to initialize the project as a Git repository first.
[2016.03.28-00.42.43:223][965]LogEditorViewport: Clicking on Actor (LMB): BP_Sky_Sphere_C (SkySphereBlueprint)
[2016.03.28-00.42.45:251][185]SourceControl:Error: Error Failed to enable Git source control. You need to initialize the project as a Git repository first.
[2016.03.28-00.43.26:248][219]SourceControl:Error: Error Failed to enable Git source control. You need to initialize the project as a Git repository first.
[2016.03.28-00.45.09:983][535]SourceControl:Error: Error Failed to enable Git source control. You need to initialize the project as a Git repository first.
[2016.03.28-00.51.00:431][517]SourceControl:Error: Error Failed to enable Git source control. You need to initialize the project as a Git repository first.
[2016.03.28-00.51.07:218][  4]SourceControl:Error: Error Failed to enable Git source control. You need to initialize the project as a Git repository first.
[2016.03.28-00.51.10:303][208]SourceControl:Error: Error Failed to enable Git source control. You need to initialize the project as a Git repository first.
[2016.03.28-00.51.10:447][218]SourceControl:Error: Error Failed to enable Git source control. You need to initialize the project as a Git repository first.
[2016.03.28-00.51.10:625][224]SourceControl:Error: Error Failed to enable Git source control. You need to initialize the project as a Git repository first.
[2016.03.28-00.51.38:031][474]SourceControl:Error: Error Failed to enable Git source control. You need to initialize the project as a Git repository first.
[2016.03.28-00.51.47:965][156]SourceControl:Error: Error Failed to enable Git source control. You need to initialize the project as a Git repository first.
[2016.03.28-00.53.54:397][191]LogEditorViewport: Clicking on Actor (LMB): BP_Sky_Sphere_C (SkySphereBlueprint)
[2016.03.28-00.53.54:797][206]LogEditorViewport: Clicking on Actor (LMB): LightmassImportanceVolume (LightmassImportanceVolume)
[2016.03.28-00.54.04:061][686]LogBlueprintUserMessages: Early PlayInEditor Detection: Level '/Game/ThirdPersonBP/Maps/ThirdPersonExampleMap.ThirdPersonExampleMap:PersistentLevel' has LevelScriptBlueprint '/Game/ThirdPersonBP/Maps/ThirdPersonExampleMap.ThirdPersonExampleMap:PersistentLevel.ThirdPersonExampleMap' with GeneratedClass '/Game/ThirdPersonBP/Maps/ThirdPersonExampleMap.ThirdPersonExampleMap_C' with ClassGeneratedBy '/Game/ThirdPersonBP/Maps/ThirdPersonExampleMap.ThirdPersonExampleMap:PersistentLevel.ThirdPersonExampleMap'
[2016.03.28-00.54.04:061][686]LogPlayLevel: PlayLevel: No blueprints needed recompiling
[2016.03.28-00.54.04:094][686]PIE: New page: PIE session: ThirdPersonExampleMap (Mar 27, 2016, 4:54:04 PM)
[2016.03.28-00.54.04:102][686]LogPlayLevel: Creating play world package: /Game/ThirdPersonBP/Maps/UEDPIE_0_ThirdPersonExampleMap
[2016.03.28-00.54.04:240][686]LogPlayLevel: PIE: StaticDuplicateObject took: (0.137149s)
[2016.03.28-00.54.04:241][686]LogAIModule: Creating AISystem for world ThirdPersonExampleMap
[2016.03.28-00.54.04:241][686]LogPlayLevel: PIE: World Init took: (0.001041s)
[2016.03.28-00.54.04:241][686]LogPlayLevel: PIE: Created PIE world by copying editor world from /Game/ThirdPersonBP/Maps/ThirdPersonExampleMap.ThirdPersonExampleMap to /Game/ThirdPersonBP/Maps/UEDPIE_0_ThirdPersonExampleMap.ThirdPersonExampleMap (0.147290s)
[2016.03.28-00.54.04:426][686]LogInit: XAudio2 using 'Speakers (6- Logitech G430 Gaming Headset)' : 2 channels at 44.1 kHz using 16 bits per sample (channel mask 0x3)
[2016.03.28-00.54.04:436][686]LogInit: FAudioDevice initialized.
[2016.03.28-00.54.04:621][686]LogWorld: Game class is 'ThirdPersonGameMode_C'
[2016.03.28-00.54.04:710][686]LogWorld: Bringing World /Game/ThirdPersonBP/Maps/UEDPIE_0_ThirdPersonExampleMap.ThirdPersonExampleMap up for play (max tick rate 0) at 2016.03.27-20.54.04
[2016.03.28-00.54.04:710][686]LogActor:Warning: GameSession /Game/ThirdPersonBP/Maps/UEDPIE_0_ThirdPersonExampleMap.ThirdPersonExampleMap:PersistentLevel.GameSession_0 has natively added scene component(s), but none of them were set as the actor's RootComponent - picking one arbitrarily
[2016.03.28-00.54.04:712][686]LogActor:Warning: GameNetworkManager /Game/ThirdPersonBP/Maps/UEDPIE_0_ThirdPersonExampleMap.ThirdPersonExampleMap:PersistentLevel.GameNetworkManager_0 has natively added scene component(s), but none of them were set as the actor's RootComponent - picking one arbitrarily
[2016.03.28-00.54.04:752][686]LogWorld: Bringing up level for play took: 0.047686
[2016.03.28-00.54.04:836][686]PIE: Info Play in editor start time for /Game/ThirdPersonBP/Maps/UEDPIE_0_ThirdPersonExampleMap 1.683
[2016.03.28-00.54.04:836][686]LogBlueprintUserMessages: Late PlayInEditor Detection: Level '/Game/ThirdPersonBP/Maps/ThirdPersonExampleMap.ThirdPersonExampleMap:PersistentLevel' has LevelScriptBlueprint '/Game/ThirdPersonBP/Maps/ThirdPersonExampleMap.ThirdPersonExampleMap:PersistentLevel.ThirdPersonExampleMap' with GeneratedClass '/Game/ThirdPersonBP/Maps/ThirdPersonExampleMap.ThirdPersonExampleMap_C' with ClassGeneratedBy '/Game/ThirdPersonBP/Maps/ThirdPersonExampleMap.ThirdPersonExampleMap:PersistentLevel.ThirdPersonExampleMap'
[2016.03.28-00.54.35:747][606]LogBlueprintUserMessages: Early EndPlayMap Detection: Level '/Game/ThirdPersonBP/Maps/ThirdPersonExampleMap.ThirdPersonExampleMap:PersistentLevel' has LevelScriptBlueprint '/Game/ThirdPersonBP/Maps/ThirdPersonExampleMap.ThirdPersonExampleMap:PersistentLevel.ThirdPersonExampleMap' with GeneratedClass '/Game/ThirdPersonBP/Maps/ThirdPersonExampleMap.ThirdPersonExampleMap_C' with ClassGeneratedBy '/Game/ThirdPersonBP/Maps/ThirdPersonExampleMap.ThirdPersonExampleMap:PersistentLevel.ThirdPersonExampleMap'
[2016.03.28-00.54.35:947][606]LogBlueprintUserMessages: Late EndPlayMap Detection: Level '/Game/ThirdPersonBP/Maps/ThirdPersonExampleMap.ThirdPersonExampleMap:PersistentLevel' has LevelScriptBlueprint '/Game/ThirdPersonBP/Maps/ThirdPersonExampleMap.ThirdPersonExampleMap:PersistentLevel.ThirdPersonExampleMap' with GeneratedClass '/Game/ThirdPersonBP/Maps/ThirdPersonExampleMap.ThirdPersonExampleMap_C' with ClassGeneratedBy '/Game/ThirdPersonBP/Maps/ThirdPersonExampleMap.ThirdPersonExampleMap:PersistentLevel.ThirdPersonExampleMap'
[2016.03.28-00.54.36:013][606]LogParticles: Destroying 0 GPU particle simulations for FXSystem 0x000000004E86EDE0
[2016.03.28-00.56.03:843][180]Cmd: QUIT_EDITOR
[2016.03.28-00.56.04:231][180]LogExit: Preparing to exit.
[2016.03.28-00.56.04:766][180]LogExit: Editor shut down
[2016.03.28-00.56.04:766][180]LogExit: Transaction tracking system shut down
[2016.03.28-00.56.04:818][180]LogParticles: Destroying 0 GPU particle simulations for FXSystem 0x000000002B65CCC0
[2016.03.28-00.56.04:819][180]LogParticles: Destroying 0 GPU particle simulations for FXSystem 0x000000002AC28FE0
[2016.03.28-00.56.06:234][180]LogExit: Object subsystem successfully closed.
[2016.03.28-00.56.06:389][180]LogD3D11RHI: Shutdown
[2016.03.28-00.56.06:389][180]LogD3D11RHI: CleanupD3DDevice
[2016.03.28-00.56.06:541][180]LogD3D11RHI: ~FD3D11DynamicRHI
[2016.03.28-00.56.07:307][180]LogModuleManager: Shutting down and abandoning module CrashTracker (198)
[2016.03.28-00.56.07:307][180]LogModuleManager: Shutting down and abandoning module SceneOutliner (197)
[2016.03.28-00.56.07:307][180]LogModuleManager: Shutting down and abandoning module SuperSearch (196)
[2016.03.28-00.56.07:307][180]LogModuleManager: Shutting down and abandoning module WidgetCarousel (195)
[2016.03.28-00.56.07:320][180]LogModuleManager: Shutting down and abandoning module AddContentDialog (194)
[2016.03.28-00.56.07:332][180]LogModuleManager: Shutting down and abandoning module EditorWidgets (193)
[2016.03.28-00.56.07:332][180]LogModuleManager: Shutting down and abandoning module CollectionManager (192)
[2016.03.28-00.56.07:342][180]LogModuleManager: Shutting down and abandoning module StatsViewer (191)
[2016.03.28-00.56.07:362][180]LogModuleManager: Shutting down and abandoning module FoliageEdit (190)
[2016.03.28-00.56.07:372][180]LogModuleManager: Shutting down and abandoning module LandscapeEditor (189)
[2016.03.28-00.56.07:383][180]LogModuleManager: Shutting down and abandoning module ActorPickerMode (188)
[2016.03.28-00.56.07:383][180]LogModuleManager: Shutting down and abandoning module GeometryMode (187)
[2016.03.28-00.56.07:383][180]LogModuleManager: Shutting down and abandoning module TextureAlignMode (186)
[2016.03.28-00.56.07:383][180]LogModuleManager: Shutting down and abandoning module BspMode (185)
[2016.03.28-00.56.07:383][180]LogModuleManager: Shutting down and abandoning module PlacementMode (184)
[2016.03.28-00.56.07:383][180]LogModuleManager: Shutting down and abandoning module AutomationWorker (183)
[2016.03.28-00.56.07:383][180]LogModuleManager: Shutting down and abandoning module CharacterAI (182)
[2016.03.28-00.56.07:383][180]LogModuleManager: Shutting down and abandoning module SmartSnapping (181)
[2016.03.28-00.56.07:383][180]LogModuleManager: Shutting down and abandoning module ViewportSnapping (180)
[2016.03.28-00.56.07:383][180]LogModuleManager: Shutting down and abandoning module LogVisualizer (179)
[2016.03.28-00.56.07:420][180]LogModuleManager: Shutting down and abandoning module GameProjectGeneration (178)
[2016.03.28-00.56.07:434][180]LogModuleManager: Shutting down and abandoning module IntroTutorials (177)
[2016.03.28-00.56.07:454][180]LogModuleManager: Shutting down and abandoning module EditorLiveStreaming (176)
[2016.03.28-00.56.07:455][180]LogModuleManager: Shutting down and abandoning module IOSPlatformEditor (175)
[2016.03.28-00.56.07:463][180]LogModuleManager: Shutting down and abandoning module HTML5PlatformEditor (174)
[2016.03.28-00.56.07:463][180]LogModuleManager: Shutting down and abandoning module AndroidDeviceDetection (173)
[2016.03.28-00.56.08:419][180]LogModuleManager: Shutting down and abandoning module AndroidPlatformEditor (172)
[2016.03.28-00.56.08:419][180]LogModuleManager: Shutting down and abandoning module IOSRuntimeSettings (171)
[2016.03.28-00.56.08:419][180]LogModuleManager: Shutting down and abandoning module AndroidRuntimeSettings (170)
[2016.03.28-00.56.08:419][180]LogModuleManager: Shutting down and abandoning module MergeActors (169)
[2016.03.28-00.56.08:428][180]LogModuleManager: Shutting down and abandoning module SizeMap (168)
[2016.03.28-00.56.08:428][180]LogModuleManager: Shutting down and abandoning module TreeMap (167)
[2016.03.28-00.56.08:445][180]LogModuleManager: Shutting down and abandoning module ReferenceViewer (166)
[2016.03.28-00.56.08:454][180]LogModuleManager: Shutting down and abandoning module LocalizationService (165)
[2016.03.28-00.56.08:458][180]LogModuleManager: Shutting down and abandoning module LocalizationDashboard (164)
[2016.03.28-00.56.08:465][180]LogModuleManager: Shutting down and abandoning module HardwareTargeting (163)
[2016.03.28-00.56.08:473][180]LogModuleManager: Shutting down and abandoning module DeviceProfileEditor (162)
[2016.03.28-00.56.08:483][180]LogModuleManager: Shutting down and abandoning module UndoHistory (161)
[2016.03.28-00.56.08:491][180]LogModuleManager: Shutting down and abandoning module GameplayTagsEditor (160)
[2016.03.28-00.56.08:498][180]LogModuleManager: Shutting down and abandoning module UserFeedback (159)
[2016.03.28-00.56.08:498][180]LogModuleManager: Shutting down and abandoning module XmlParser (158)
[2016.03.28-00.56.08:511][180]LogModuleManager: Shutting down and abandoning module Blutility (157)
[2016.03.28-00.56.08:512][180]LogModuleManager: Shutting down and abandoning module ProjectTargetPlatformEditor (156)
[2016.03.28-00.56.08:519][180]LogModuleManager: Shutting down and abandoning module ProjectSettingsViewer (155)
[2016.03.28-00.56.08:519][180]LogModuleManager: Shutting down and abandoning module InputBindingEditor (154)
[2016.03.28-00.56.08:545][180]LogModuleManager: Shutting down and abandoning module EditorSettingsViewer (153)
[2016.03.28-00.56.08:545][180]LogModuleManager: Shutting down and abandoning module SettingsEditor (152)
[2016.03.28-00.56.08:571][180]LogModuleManager: Shutting down and abandoning module ProjectLauncher (151)
[2016.03.28-00.56.08:587][180]LogModuleManager: Shutting down and abandoning module SessionFrontend (150)
[2016.03.28-00.56.08:607][180]LogModuleManager: Shutting down and abandoning module ProfilerClient (149)
[2016.03.28-00.56.08:633][180]LogModuleManager: Shutting down and abandoning module TargetDeviceServices (148)
[2016.03.28-00.56.08:638][180]LogModuleManager: Shutting down and abandoning module DeviceManager (147)
[2016.03.28-00.56.08:653][180]LogModuleManager: Shutting down and abandoning module AutomationController (146)
[2016.03.28-00.56.08:665][180]LogModuleManager: Shutting down and abandoning module AutomationWindow (145)
[2016.03.28-00.56.08:680][180]LogModuleManager: Shutting down and abandoning module Layers (144)
[2016.03.28-00.56.08:700][180]LogModuleManager: Shutting down and abandoning module ComponentVisualizers (143)
[2016.03.28-00.56.08:700][180]LogModuleManager: Shutting down and abandoning module DetailCustomizations (142)
[2016.03.28-00.56.08:708][180]LogModuleManager: Shutting down and abandoning module PackagesDialog (141)
[2016.03.28-00.56.08:717][180]LogModuleManager: Shutting down and abandoning module Persona (140)
[2016.03.28-00.56.08:753][180]LogModuleManager: Shutting down and abandoning module Kismet (139)
[2016.03.28-00.56.08:765][180]LogModuleManager: Shutting down and abandoning module GraphEditor (138)
[2016.03.28-00.56.08:799][180]LogModuleManager: Shutting down and abandoning module ClassViewer (137)
[2016.03.28-00.56.08:809][180]LogModuleManager: Shutting down and abandoning module Toolbox (136)
[2016.03.28-00.56.08:809][180]LogModuleManager: Shutting down and abandoning module ModuleUI (135)
[2016.03.28-00.56.08:816][180]LogModuleManager: Shutting down and abandoning module MovieSceneTools (134)
[2016.03.28-00.56.08:832][180]LogModuleManager: Shutting down and abandoning module OutputLog (133)
[2016.03.28-00.56.08:832][180]LogModuleManager: Shutting down and abandoning module GammaUI (132)
[2016.03.28-00.56.08:841][180]LogModuleManager: Shutting down and abandoning module Documentation (131)
[2016.03.28-00.56.08:841][180]LogModuleManager: Shutting down and abandoning module GameLiveStreaming (130)
[2016.03.28-00.56.08:841][180]LogModuleManager: Shutting down and abandoning module StreamingPauseRendering (129)
[2016.03.28-00.56.08:841][180]LogModuleManager: Shutting down and abandoning module AnalyticsET (128)
[2016.03.28-00.56.08:841][180]LogModuleManager: Shutting down and abandoning module Analytics (127)
[2016.03.28-00.56.08:842][180]LogModuleManager: Shutting down and abandoning module AITestSuite (126)
[2016.03.28-00.56.08:856][180]LogModuleManager: Shutting down and abandoning module GameplayDebugger (125)
[2016.03.28-00.56.08:860][180]LogModuleManager: Shutting down and abandoning module AIModule (124)
[2016.03.28-00.56.08:860][180]LogModuleManager: Shutting down and abandoning module ProfilerService (123)
[2016.03.28-00.56.08:934][180]LogModuleManager: Shutting down and abandoning module TaskGraph (122)
[2016.03.28-00.56.08:945][180]LogModuleManager: Shutting down and abandoning module SlateRemote (121)
[2016.03.28-00.56.08:945][180]LogModuleManager: Shutting down and abandoning module SteamVRController (120)
[2016.03.28-00.56.08:945][180]LogModuleManager: Shutting down and abandoning module SteamVR (119)
[2016.03.28-00.56.08:945][180]LogModuleManager: Shutting down and abandoning module ProceduralMeshComponent (118)
[2016.03.28-00.56.08:945][180]LogModuleManager: Shutting down and abandoning module OculusLibrary (117)
[2016.03.28-00.56.08:945][180]LogModuleManager: Shutting down and abandoning module OculusInput (116)
[2016.03.28-00.56.08:945][180]LogModuleManager: Shutting down and abandoning module LeapMotionController (115)
[2016.03.28-00.56.09:001][180]LogModuleManager: Shutting down and abandoning module CustomMeshComponent (114)
[2016.03.28-00.56.09:001][180]LogModuleManager: Shutting down and abandoning module CableComponent (113)
[2016.03.28-00.56.09:002][180]LogModuleManager: Shutting down and abandoning module ArchVisCharacter (112)
[2016.03.28-00.56.09:002][180]LogModuleManager: Shutting down and abandoning module MessagingDebugger (111)
[2016.03.28-00.56.09:020][180]LogModuleManager: Shutting down and abandoning module MediaPlayerEditor (110)
[2016.03.28-00.56.09:034][180]LogModuleManager: Shutting down and abandoning module HTML5Networking (109)
[2016.03.28-00.56.09:034][180]LogModuleManager: Shutting down and abandoning module SpeedTreeImporter (108)
[2016.03.28-00.56.09:034][180]LogModuleManager: Shutting down and abandoning module PluginBrowser (107)
[2016.03.28-00.56.09:046][180]LogModuleManager: Shutting down and abandoning module EpicSurvey (106)
[2016.03.28-00.56.09:051][180]LogModuleManager: Shutting down and abandoning module DesktopPlatform (105)
[2016.03.28-00.56.09:063][180]LogModuleManager: Shutting down and abandoning module VisualStudioSourceCodeAccess (104)
[2016.03.28-00.56.09:069][180]LogModuleManager: Shutting down and abandoning module UObjectPlugin (103)
[2016.03.28-00.56.09:069][180]LogModuleManager: Shutting down and abandoning module SubversionSourceControl (102)
[2016.03.28-00.56.09:085][180]LogModuleManager: Shutting down and abandoning module PerforceSourceControl (101)
[2016.03.28-00.56.09:105][180]LogModuleManager: Shutting down and abandoning module SourceControl (100)
[2016.03.28-00.56.09:105][180]LogModuleManager: Shutting down and abandoning module GitSourceControl (99)
[2016.03.28-00.56.09:110][180]LogModuleManager: Shutting down and abandoning module LightPropagationVolumeEditor (98)
[2016.03.28-00.56.09:110][180]LogModuleManager: Shutting down and abandoning module PaperTiledImporter (97)
[2016.03.28-00.56.09:115][180]LogModuleManager: Shutting down and abandoning module PaperSpriteSheetImporter (96)
[2016.03.28-00.56.09:115][180]LogModuleManager: Shutting down and abandoning module MeshPaint (95)
[2016.03.28-00.56.09:115][180]LogModuleManager: Shutting down and abandoning module SlateReflector (94)
[2016.03.28-00.56.09:132][180]LogModuleManager: Shutting down and abandoning module HotReload (93)
[2016.03.28-00.56.09:152][180]LogModuleManager: Shutting down and abandoning module MainFrame (92)
[2016.03.28-00.56.09:152][180]LogModuleManager: Shutting down and abandoning module LevelEditor (91)
[2016.03.28-00.56.09:167][180]LogModuleManager: Shutting down and abandoning module DirectoryWatcher (90)
[2016.03.28-00.56.09:168][180]LogModuleManager: Shutting down and abandoning module AssetRegistry (89)
[2016.03.28-00.56.09:318][180]LogModuleManager: Shutting down and abandoning module ContentBrowser (88)
[2016.03.28-00.56.09:319][180]LogModuleManager: Shutting down and abandoning module Paper2DEditor (87)
[2016.03.28-00.56.09:351][180]LogModuleManager: Shutting down and abandoning module UdpMessaging (86)
[2016.03.28-00.56.09:452][180]LogModuleManager: Shutting down and abandoning module LightPropagationVolumeRuntime (85)
[2016.03.28-00.56.09:452][180]LogModuleManager: Shutting down and abandoning module Paper2D (84)
[2016.03.28-00.56.09:463][180]LogModuleManager: Shutting down and abandoning module WindowsMoviePlayer (83)
[2016.03.28-00.56.09:477][180]LogModuleManager: Shutting down and abandoning module Media (82)
[2016.03.28-00.56.09:477][180]LogModuleManager: Shutting down and abandoning module WmfMedia (81)
[2016.03.28-00.56.09:488][180]LogModuleManager: Shutting down and abandoning module OnlineBlueprintSupport (80)
[2016.03.28-00.56.09:488][180]LogModuleManager: Shutting down and abandoning module GameplayTasksEditor (79)
[2016.03.28-00.56.09:488][180]LogModuleManager: Shutting down and abandoning module PropertyEditor (78)
[2016.03.28-00.56.09:488][180]LogModuleManager: Shutting down and abandoning module BehaviorTreeEditor (77)
[2016.03.28-00.56.09:505][180]LogModuleManager: Shutting down and abandoning module FunctionalTesting (76)
[2016.03.28-00.56.09:505][180]LogModuleManager: Shutting down and abandoning module CollisionAnalyzer (75)
[2016.03.28-00.56.09:514][180]LogModuleManager: Shutting down and abandoning module WorkspaceMenuStructure (74)
[2016.03.28-00.56.09:515][180]LogModuleManager: Shutting down and abandoning module MessageLog (73)
[2016.03.28-00.56.09:515][180]LogModuleManager: Shutting down and abandoning module Sequencer (72)
[2016.03.28-00.56.09:533][180]LogModuleManager: Shutting down and abandoning module AssetTools (71)
[2016.03.28-00.56.09:554][180]LogModuleManager: Shutting down and abandoning module UMGEditor (70)
[2016.03.28-00.56.09:572][180]LogModuleManager: Shutting down and abandoning module UMG (69)
[2016.03.28-00.56.09:590][180]LogModuleManager: Shutting down and abandoning module Slate (68)
[2016.03.28-00.56.09:590][180]LogModuleManager: Shutting down and abandoning module EditorStyle (67)
[2016.03.28-00.56.09:593][180]LogModuleManager: Shutting down and abandoning module SessionServices (66)
[2016.03.28-00.56.09:593][180]LogModuleManager: Shutting down and abandoning module SourceCodeAccess (65)
[2016.03.28-00.56.09:593][180]LogModuleManager: Shutting down and abandoning module HeadMountedDisplay (64)
[2016.03.28-00.56.09:593][180]LogModuleManager: Shutting down and abandoning module XAudio2 (63)
[2016.03.28-00.56.09:593][180]LogModuleManager: Shutting down and abandoning module Networking (61)
[2016.03.28-00.56.09:593][180]LogModuleManager: Shutting down and abandoning module Core (60)
[2016.03.28-00.56.09:593][180]LogModuleManager: Shutting down and abandoning module KismetCompiler (59)
[2016.03.28-00.56.09:593][180]LogModuleManager: Shutting down and abandoning module PhysXFormats (58)
[2016.03.28-00.56.09:603][180]LogModuleManager: Shutting down and abandoning module MeshUtilities (57)
[2016.03.28-00.56.09:627][180]LogModuleManager: Shutting down and abandoning module DerivedDataCache (56)
[2016.03.28-00.56.09:670][180]LogDerivedDataCache: Shutdown
[2016.03.28-00.56.09:670][180]LogModuleManager: Shutting down and abandoning module ShaderFormatOpenGL (55)
[2016.03.28-00.56.09:682][180]LogModuleManager: Shutting down and abandoning module ShaderFormatD3D (54)
[2016.03.28-00.56.09:690][180]LogModuleManager: Shutting down and abandoning module MetalShaderFormat (53)
[2016.03.28-00.56.09:711][180]LogModuleManager: Shutting down and abandoning module TextureFormatUncompressed (52)
[2016.03.28-00.56.09:711][180]LogModuleManager: Shutting down and abandoning module TextureFormatPVR (51)
[2016.03.28-00.56.09:731][180]LogModuleManager: Shutting down and abandoning module TextureFormatIntelISPCTexComp (50)
[2016.03.28-00.56.09:740][180]LogModuleManager: Shutting down and abandoning module TextureFormatDXT (49)
[2016.03.28-00.56.09:747][180]LogModuleManager: Shutting down and abandoning module ImageWrapper (48)
[2016.03.28-00.56.09:747][180]LogModuleManager: Shutting down and abandoning module TextureFormatASTC (47)
[2016.03.28-00.56.09:747][180]LogModuleManager: Shutting down and abandoning module TextureFormatAndroid (46)
[2016.03.28-00.56.09:747][180]LogModuleManager: Shutting down and abandoning module AudioFormatOpus (45)
[2016.03.28-00.56.09:766][180]LogModuleManager: Shutting down and abandoning module AudioFormatOgg (44)
[2016.03.28-00.56.09:772][180]LogModuleManager: Shutting down and abandoning module AudioFormatADPCM (43)
[2016.03.28-00.56.09:778][180]LogModuleManager: Shutting down and abandoning module LinuxTargetPlatform (42)
[2016.03.28-00.56.09:778][180]LogModuleManager: Shutting down and abandoning module LinuxServerTargetPlatform (41)
[2016.03.28-00.56.09:782][180]LogModuleManager: Shutting down and abandoning module LinuxNoEditorTargetPlatform (40)
[2016.03.28-00.56.09:792][180]LogModuleManager: Shutting down and abandoning module Messaging (39)
[2016.03.28-00.56.09:792][180]LogModuleManager: Shutting down and abandoning module IOSTargetPlatform (38)
[2016.03.28-00.56.09:792][180]LogModuleManager: Shutting down and abandoning module HTML5TargetPlatform (37)
[2016.03.28-00.56.09:792][180]LogModuleManager: Shutting down and abandoning module Android_PVRTCTargetPlatform (36)
[2016.03.28-00.56.09:792][180]LogModuleManager: Shutting down and abandoning module Android_MultiTargetPlatform (35)
[2016.03.28-00.56.09:792][180]LogModuleManager: Shutting down and abandoning module Android_ETC2TargetPlatform (34)
[2016.03.28-00.56.09:792][180]LogModuleManager: Shutting down and abandoning module Android_ETC1TargetPlatform (33)
[2016.03.28-00.56.09:792][180]LogModuleManager: Shutting down and abandoning module Android_DXTTargetPlatform (32)
[2016.03.28-00.56.09:792][180]LogModuleManager: Shutting down and abandoning module Android_ATCTargetPlatform (31)
[2016.03.28-00.56.09:792][180]LogModuleManager: Shutting down and abandoning module Android_ASTCTargetPlatform (30)
[2016.03.28-00.56.09:792][180]LogModuleManager: Shutting down and abandoning module AndroidTargetPlatform (29)
[2016.03.28-00.56.09:792][180]LogModuleManager: Shutting down and abandoning module WindowsTargetPlatform (28)
[2016.03.28-00.56.09:792][180]LogModuleManager: Shutting down and abandoning module WindowsServerTargetPlatform (27)
[2016.03.28-00.56.09:800][180]LogModuleManager: Shutting down and abandoning module WindowsNoEditorTargetPlatform (26)
[2016.03.28-00.56.09:807][180]LogModuleManager: Shutting down and abandoning module WindowsClientTargetPlatform (25)
[2016.03.28-00.56.09:817][180]LogModuleManager: Shutting down and abandoning module AllDesktopTargetPlatform (24)
[2016.03.28-00.56.09:817][180]LogModuleManager: Shutting down and abandoning module TargetPlatform (23)
[2016.03.28-00.56.09:818][180]LogModuleManager: Shutting down and abandoning module InputCore (22)
[2016.03.28-00.56.09:818][180]LogModuleManager: Shutting down and abandoning module Settings (21)
[2016.03.28-00.56.09:818][180]LogModuleManager: Shutting down and abandoning module OnlineSubsystem (19)
[2016.03.28-00.56.09:818][180]LogModuleManager: Shutting down and abandoning module HTTP (18)
[2016.03.28-00.56.11:818][180]LogModuleManager: Shutting down and abandoning module XMPP (17)
[2016.03.28-00.56.11:838][180]LogModuleManager: Shutting down and abandoning module OculusRift (16)
[2016.03.28-00.56.11:849][180]LogModuleManager: Shutting down and abandoning module ExampleDeviceProfileSelector (15)
[2016.03.28-00.56.11:849][180]LogModuleManager: Shutting down and abandoning module TextureCompressor (14)
[2016.03.28-00.56.11:867][180]LogModuleManager: Shutting down and abandoning module ShaderCore (13)
[2016.03.28-00.56.11:867][180]LogModuleManager: Shutting down and abandoning module Landscape (12)
[2016.03.28-00.56.11:867][180]LogModuleManager: Shutting down and abandoning module SlateRHIRenderer (11)
[2016.03.28-00.56.11:890][180]LogModuleManager: Shutting down and abandoning module OpenGLDrv (10)
[2016.03.28-00.56.11:900][180]LogModuleManager: Shutting down and abandoning module D3D11RHI (9)
[2016.03.28-00.56.11:900][180]LogModuleManager: Shutting down and abandoning module AnimGraphRuntime (8)
[2016.03.28-00.56.11:911][180]LogModuleManager: Shutting down and abandoning module Renderer (7)
[2016.03.28-00.56.11:911][180]LogModuleManager: Shutting down and abandoning module Engine (6)
[2016.03.28-00.56.11:911][180]LogModuleManager: Shutting down and abandoning module CoreUObject (5)
[2016.03.28-00.56.11:911][180]LogModuleManager: Shutting down and abandoning module NetworkFile (4)
[2016.03.28-00.56.11:927][180]LogModuleManager: Shutting down and abandoning module StreamingFile (3)
[2016.03.28-00.56.11:932][180]LogModuleManager: Shutting down and abandoning module SandboxFile (2)
[2016.03.28-00.56.11:946][180]LogModuleManager: Shutting down and abandoning module PakFile (1)
[2016.03.28-00.56.11:959][180]LogExit: Exiting.
[2016.03.28-00.56.11:965][180]Log file closed, 03/27/16 20:56:11
