[2016.03.28-01.11.52:295][  0]Log file open, 03/27/16 21:11:52
[2016.03.28-01.11.52:295][  0]LogInit:Display: Running engine for game: GitOutThere
[2016.03.28-01.11.52:295][  0]LogPlatformFile: Not using cached read wrapper
[2016.03.28-01.11.52:295][  0]LogInit:Display: RandInit(-90851967) SRandInit(-90851964).
[2016.03.28-01.11.52:295][  0]LogTaskGraph: Started task graph with 4 named threads and 7 total threads.
[2016.03.28-01.11.52:295][  0]LogStats: Stats thread started at 0.085630
[2016.03.28-01.11.52:295][  0]LogInit: Version: 4.10.2-2818068+++depot+UE4-Releases+4.10
[2016.03.28-01.11.52:295][  0]LogInit: API Version: 2758231
[2016.03.28-01.11.52:295][  0]LogInit: Compiled (64-bit): Jan  6 2016 17:36:42
[2016.03.28-01.11.52:295][  0]LogInit: Compiled with Visual C++: 19.00.23026.00
[2016.03.28-01.11.52:295][  0]LogInit: Build Configuration: Development
[2016.03.28-01.11.52:295][  0]LogInit: Branch Name: ++depot+UE4-Releases+4.10
[2016.03.28-01.11.52:295][  0]LogInit: Command line:  
[2016.03.28-01.11.52:295][  0]LogInit: Base directory: D:/Epic Games/4.10/Engine/Binaries/Win64/
[2016.03.28-01.11.52:295][  0]LogInit: Rocket: 1
[2016.03.28-01.11.52:303][  0]LogInit: Using libcurl 7.41.0
[2016.03.28-01.11.52:303][  0]LogInit:  - built for x86_64-pc-win32
[2016.03.28-01.11.52:303][  0]LogInit:  - supports SSL with WinSSL
[2016.03.28-01.11.52:303][  0]LogInit:  - other features:
[2016.03.28-01.11.52:303][  0]LogInit:      CURL_VERSION_SSL
[2016.03.28-01.11.52:303][  0]LogInit:      CURL_VERSION_IPV6
[2016.03.28-01.11.52:303][  0]LogInit:      CURL_VERSION_ASYNCHDNS
[2016.03.28-01.11.52:303][  0]LogInit:      CURL_VERSION_LARGEFILE
[2016.03.28-01.11.52:303][  0]LogInit:      CURL_VERSION_IDN
[2016.03.28-01.11.52:303][  0]LogInit:  CurlRequestOptions (configurable via config and command line):
[2016.03.28-01.11.52:303][  0]LogInit:  - bVerifyPeer = true  - Libcurl will verify peer certificate
[2016.03.28-01.11.52:303][  0]LogInit:  - bUseHttpProxy = false  - Libcurl will NOT use HTTP proxy
[2016.03.28-01.11.52:303][  0]LogInit:  - bDontReuseConnections = false  - Libcurl will reuse connections
[2016.03.28-01.11.52:303][  0]LogInit:  - CertBundlePath = nullptr  - Libcurl will use whatever was configured at build time.
[2016.03.28-01.11.52:314][  0]LogInit: Presizing for 0 objects not considered by GC, pre-allocating 0 bytes.
[2016.03.28-01.11.52:322][  0]LogInit: Object subsystem initialized
[2016.03.28-01.11.52:323][  0]LogInit: Selected Device Profile: [Windows]
[2016.03.28-01.11.52:323][  0]LogInit: Applying CVar settings loaded from the selected device profile: [Windows]
[2016.03.28-01.11.52:331][  0]LogInit: Computer: SWOLDIER-PC
[2016.03.28-01.11.52:331][  0]LogInit: User: Swoldier
[2016.03.28-01.11.52:331][  0]LogInit: CPU Page size=4096, Cores=4
[2016.03.28-01.11.52:331][  0]LogInit: High frequency timer resolution =3.342695 MHz
[2016.03.28-01.11.52:332][  0]LogMemory: Memory total: Physical=8.0GB (8GB approx)
[2016.03.28-01.11.52:332][  0]LogMemory: Platform Memory Stats for Windows
[2016.03.28-01.11.52:332][  0]LogMemory: Process Physical Memory: 55.52 MB used, 55.52 MB peak
[2016.03.28-01.11.52:332][  0]LogMemory: Process Virtual Memory: 59.72 MB used, 59.72 MB peak
[2016.03.28-01.11.52:332][  0]LogMemory: Physical Memory: 6324.66 MB used, 8189.24 MB total
[2016.03.28-01.11.52:332][  0]LogMemory: Virtual Memory: 354.93 MB used, 8388608.00 MB total
[2016.03.28-01.11.52:382][  0]LogTextLocalizationManager: No specific translations for ('en-US') exist, so ('en') translations will be used.
[2016.03.28-01.11.52:973][  0]LogD3D11RHI: Found D3D11 adapter 0: NVIDIA GeForce GTX 960 (Feature Level 11_0)
[2016.03.28-01.11.52:973][  0]LogD3D11RHI: Adapter has 4010MB of dedicated video memory, 0MB of dedicated system memory, and 3838MB of shared system memory, 1 output[s]
[2016.03.28-01.11.52:973][  0]LogD3D11RHI: Chosen D3D11 Adapter Id = 0
[2016.03.28-01.11.52:985][  0]LogD3D11RHI: !Direct3DDevice
[2016.03.28-01.11.52:985][  0]LogRHI: Texture pool is 1361 MB (70% of 1945 MB)
[2016.03.28-01.11.52:998][  0]LogD3D11RHI: Async texture creation enabled
[2016.03.28-01.11.53:013][  0]LogShaderCompilers: Guid format shader working directory is 22 characters bigger than the processId version (../../../../../GitBashHere/Intermediate/Shaders/WorkingDirectory/14084/).
[2016.03.28-01.11.53:013][  0]LogShaderCompilers: Cleaned the shader compiler working directory 'C:/Users/Swoldier/AppData/Local/Temp/UnrealShaderWorkingDir/19332FB94D2E8B41F6608B849CB6E520/'.
[2016.03.28-01.11.53:013][  0]LogShaderCompilers:Display: Using Local Shader Compiler.
[2016.03.28-01.11.54:148][  0]LogTemp:Display: Loaded TP AllDesktopTargetPlatform
[2016.03.28-01.11.54:155][  0]LogTemp:Display: Loaded TP WindowsClientTargetPlatform
[2016.03.28-01.11.54:161][  0]LogTemp:Display: Loaded TP WindowsNoEditorTargetPlatform
[2016.03.28-01.11.54:168][  0]LogTemp:Display: Loaded TP WindowsServerTargetPlatform
[2016.03.28-01.11.54:174][  0]LogTemp:Display: Loaded TP WindowsTargetPlatform
[2016.03.28-01.11.54:179][  0]LogTemp:Display: Loaded TP AndroidTargetPlatform
[2016.03.28-01.11.54:182][  0]LogTemp:Display: Loaded TP Android_ASTCTargetPlatform
[2016.03.28-01.11.54:186][  0]LogTemp:Display: Loaded TP Android_ATCTargetPlatform
[2016.03.28-01.11.54:190][  0]LogTemp:Display: Loaded TP Android_DXTTargetPlatform
[2016.03.28-01.11.54:194][  0]LogTemp:Display: Loaded TP Android_ETC1TargetPlatform
[2016.03.28-01.11.54:198][  0]LogTemp:Display: Loaded TP Android_ETC2TargetPlatform
[2016.03.28-01.11.54:207][  0]LogTemp:Display: Loaded TP Android_MultiTargetPlatform
[2016.03.28-01.11.54:207][  0]LogTemp:Display: Loaded TP Android_PVRTCTargetPlatform
[2016.03.28-01.11.54:208][  0]LogTemp:Display: Loaded TP HTML5TargetPlatform
[2016.03.28-01.11.54:226][  0]LogTemp:Display: Loaded TP IOSTargetPlatform
[2016.03.28-01.11.54:229][  0]LogTemp:Display: Loaded TP LinuxNoEditorTargetPlatform
[2016.03.28-01.11.54:233][  0]LogTemp:Display: Loaded TP LinuxServerTargetPlatform
[2016.03.28-01.11.54:237][  0]LogTemp:Display: Loaded TP LinuxTargetPlatform
[2016.03.28-01.11.54:237][  0]LogTargetPlatformManager:Display: Building Assets For Windows
[2016.03.28-01.11.54:350][  0]LogDerivedDataCache:Display: Max Cache Size: 512 MB
[2016.03.28-01.11.54:431][  0]LogDerivedDataCache: Loaded boot cache 0.08s 41MB C:/Users/Swoldier/AppData/Local/UnrealEngine/4.10/DerivedDataCache/Boot.ddc.
[2016.03.28-01.11.54:432][  0]LogDerivedDataCache:Display: Loaded Boot cache: C:/Users/Swoldier/AppData/Local/UnrealEngine/4.10/DerivedDataCache/Boot.ddc
[2016.03.28-01.11.54:432][  0]LogDerivedDataCache: FDerivedDataBackendGraph:  Pak pak cache file ../../../../../GitBashHere/DerivedDataCache/DDC.ddp not found, will not use a pak cache.
[2016.03.28-01.11.54:432][  0]LogDerivedDataCache: Unable to find inner node Pak for hierarchical cache Hierarchy.
[2016.03.28-01.11.54:432][  0]LogDerivedDataCache: FDerivedDataBackendGraph:  CompressedPak pak cache file ../../../../../GitBashHere/DerivedDataCache/Compressed.ddp not found, will not use a pak cache.
[2016.03.28-01.11.54:432][  0]LogDerivedDataCache: Unable to find inner node CompressedPak for hierarchical cache Hierarchy.
[2016.03.28-01.11.54:518][  0]LogDerivedDataCache:Display: Pak cache opened for reading ../../../Engine/DerivedDataCache/Compressed.ddp.
[2016.03.28-01.11.54:529][  0]LogDerivedDataCache: Using Local data cache path C:/Users/Swoldier/AppData/Local/UnrealEngine/Common/DerivedDataCache: Writable
[2016.03.28-01.11.54:782][  0]LogInit: Selected Device Profile: [Windows]
[2016.03.28-01.11.54:783][  0]LogContentStreaming: Texture pool size is 0.000000MB
[2016.03.28-01.11.54:829][  0]LogMeshUtilities: No automatic mesh reduction module available
[2016.03.28-01.11.54:829][  0]LogMeshUtilities: No automatic mesh merging module available
[2016.03.28-01.11.55:263][  0]LogInit: WinSock: version 1.1 (2.2), MaxSocks=32767, MaxUdp=65467
[2016.03.28-01.11.56:705][  0]UdpMessaging: Initializing bridge on interface 0.0.0.0:0 to multicast group 230.0.0.1:6666.
[2016.03.28-01.11.56:831][  0]LogAssetRegistry: FAssetRegistry took 0.0098 seconds to start up
[2016.03.28-01.11.57:051][  0]SourceControl: Info Source control is disabled
[2016.03.28-01.11.57:052][  0]SourceControl: Info Source control is disabled
[2016.03.28-01.11.57:069][  0]SourceControl: Info Source control is disabled
[2016.03.28-01.11.57:086][  0]SourceControl: Info Source control is disabled
[2016.03.28-01.11.57:436][  0]LogObj: 28633 objects as part of root set at end of initial load.
[2016.03.28-01.11.57:436][  0]LogUObjectAllocator: 6099744 out of 0 bytes used by permanent object pool.
[2016.03.28-01.11.57:508][  0]LogEngine: Initializing Engine...
[2016.03.28-01.11.57:510][  0]LogHMD: Can't find Oculus library dev build: is proper Runtime installed? Version: 0.8.0.0
[2016.03.28-01.11.57:511][  0]LogHMD: SteamVR failed to initialize.  Err: 110
[2016.03.28-01.11.57:671][  0]LogAIModule: Creating AISystem for world NewWorld
[2016.03.28-01.11.57:691][  0]LogInit: XAudio2 using 'Speakers (6- Logitech G430 Gaming Headset)' : 2 channels at 44.1 kHz using 16 bits per sample (channel mask 0x3)
[2016.03.28-01.11.57:703][  0]LogInit: FAudioDevice initialized.
[2016.03.28-01.11.57:742][  0]LogDerivedDataCache: Saved boot cache 0.04s 41MB C:/Users/Swoldier/AppData/Local/UnrealEngine/4.10/DerivedDataCache/Boot.ddc.
[2016.03.28-01.11.57:755][  0]LogInit: Texture streaming: Enabled
[2016.03.28-01.11.57:763][  0]LogAnalytics: Creating configured Analytics provider AnalyticsET
[2016.03.28-01.11.57:763][  0]LogAnalytics: [UEEditor.Rocket.Release] APIServer = http://et2.epicgames.com/ET2/. AppVersion = 4.10.2-2818068+++depot+UE4-Releases+4.10
[2016.03.28-01.11.57:763][  0]LogAnalytics: [UEEditor.Rocket.Release] SetUserId 07edad4c473156786cf7a2ad6ec34b9c|e9f637437877407a9e0f2ad27a109713|ee45e9e7-bc90-4fab-8965-d60e79ac7869
[2016.03.28-01.11.57:764][  0]LogAnalytics: [UEEditor.Rocket.Release] AnalyticsET::StartSession
[2016.03.28-01.11.57:778][  0]LogInit: Transaction tracking system initialized
[2016.03.28-01.11.57:816][  0]BlueprintLog: New page: Editor Load
[2016.03.28-01.11.57:922][  0]LocalizationService: Info Localization service is disabled
[2016.03.28-01.11.58:014][  0]LogConsoleResponse:Display: 
[2016.03.28-01.11.58:147][  0]LogCook:Display: Done creating registry. It took  0.00s.
[2016.03.28-01.11.58:230][  0]LogFileCache: Scanning file cache for directory 'D:/GitBashHere/Content/' took 0.01s
[2016.03.28-01.11.58:230][  0]SourceControl: Info Source control is disabled
[2016.03.28-01.11.58:230][  0]Cmd: MAP LOAD FILE="../../../../../GitBashHere/Content/ThirdPersonBP/Maps/ThirdPersonExampleMap.umap" TEMPLATE=0 SHOWPROGRESS=1 FEATURELEVEL=3
[2016.03.28-01.11.58:231][  0]LightingResults: New page: Lighting Build
[2016.03.28-01.11.58:235][  0]MapCheck: New page: Map Check
[2016.03.28-01.11.58:235][  0]LightingResults: New page: Lighting Build
[2016.03.28-01.11.58:250][  0]LogParticles: Destroying 0 GPU particle simulations for FXSystem 0x00000000219C6020
[2016.03.28-01.11.58:798][  0]LogAIModule: Creating AISystem for world ThirdPersonExampleMap
[2016.03.28-01.11.58:808][  0]LogEditorServer: Finished looking for orphan Actors (0.000 secs)
[2016.03.28-01.11.58:809][  0]Cmd: MAP CHECKDEP NOCLEARLOG
[2016.03.28-01.11.58:910][  0]MapCheck: Info Map check complete: 0 Error(s), 0 Warning(s), took 101.144ms to complete.
[2016.03.28-01.11.58:910][  0]LogFileHelpers: Loading map 'ThirdPersonExampleMap' took 0.680
[2016.03.28-01.11.59:017][  0]LogCollectionManager: Loaded 0 collections in 0.002927 seconds
[2016.03.28-01.11.59:056][  0]LogFileCache: Scanning file cache for directory 'D:/GitBashHere/Saved/Collections/' took 0.01s
[2016.03.28-01.11.59:056][  0]LogFileCache: Scanning file cache for directory 'D:/GitBashHere/Content/Developers/Swoldier/Collections/' took 0.01s
[2016.03.28-01.11.59:056][  0]LogFileCache: Scanning file cache for directory 'D:/GitBashHere/Content/Collections/' took 0.01s
[2016.03.28-01.11.59:056][  0]LogCollectionManager: Rebuilt the GUID cache for 0 collections in 0.000001 seconds
[2016.03.28-01.11.59:066][  0]LogContentBrowser: Native class hierarchy populated in 0.0103 seconds. Added 1893 classes and 338 folders.
[2016.03.28-01.11.59:075][  0]LogContentBrowser: Native class hierarchy updated for 'WidgetCarousel' in 0.0004 seconds. Added 0 classes and 0 folders.
[2016.03.28-01.11.59:159][  0]LogContentBrowser: Native class hierarchy updated for 'AddContentDialog' in 0.0005 seconds. Added 0 classes and 0 folders.
[2016.03.28-01.11.59:164][  0]LogContentBrowser: Native class hierarchy updated for 'SceneOutliner' in 0.0005 seconds. Added 1 classes and 2 folders.
[2016.03.28-01.11.59:227][  0]LogCrashTracker: Crashtracker disabled due to settings.
[2016.03.28-01.11.59:230][  0]LogUObjectGlobals:Warning: Failed to find object 'Class None.'
[2016.03.28-01.11.59:251][  0]LogLoad: Full Startup: 7.43 seconds (BP compile: 0.11 seconds)
[2016.03.28-01.11.59:592][  0]LogOcInput: Can't find Oculus library dev build: is proper Runtime installed? Version: 0.8.0.0
[2016.03.28-01.11.59:662][  0]LogContentStreaming: Texture pool size now 1000 MB
[2016.03.28-01.11.59:849][  0]LogRenderer: Reallocating scene render targets to support 824x420 (Frame:2).
[2016.03.28-01.12.00:931][  4]LogAssetRegistry: Asset discovery search completed in 4.1100 seconds
[2016.03.28-01.12.00:931][  4]LogCollectionManager: Rebuilt the object cache for 0 collections in 0.000001 seconds (found 0 objects)
[2016.03.28-01.12.00:931][  4]LogCollectionManager: Fixed up redirectors for 0 collections in 0.000022 seconds (updated 0 objects)
[2016.03.28-01.12.25:205][977]SourceControl:Error: Error Failed to enable Git source control. You need to initialize the project as a Git repository first.
[2016.03.28-01.12.27:347][213]SourceControl: Info Source control is disabled
[2016.03.28-01.15.54:868][275]SourceControl:Error: Error Failed to enable Git source control. You need to initialize the project as a Git repository first.
[2016.03.28-01.16.01:287][ 21]SourceControl:Error: Error Failed to enable Git source control. You need to initialize the project as a Git repository first.
[2016.03.28-01.16.03:483][263]SourceControl: Info Source control is disabled
[2016.03.28-01.20.20:126][730]Cmd: QUIT_EDITOR
[2016.03.28-01.20.20:505][730]LogExit: Preparing to exit.
[2016.03.28-01.20.21:202][730]LogExit: Editor shut down
[2016.03.28-01.20.21:202][730]LogExit: Transaction tracking system shut down
[2016.03.28-01.20.21:259][730]LogParticles: Destroying 0 GPU particle simulations for FXSystem 0x0000000011BDCA40
[2016.03.28-01.20.21:260][730]LogParticles: Destroying 0 GPU particle simulations for FXSystem 0x00000000310D7880
[2016.03.28-01.20.22:471][730]LogExit: Object subsystem successfully closed.
[2016.03.28-01.20.22:634][730]LogD3D11RHI: Shutdown
[2016.03.28-01.20.22:634][730]LogD3D11RHI: CleanupD3DDevice
[2016.03.28-01.20.22:755][730]LogD3D11RHI: ~FD3D11DynamicRHI
[2016.03.28-01.20.23:477][730]LogModuleManager: Shutting down and abandoning module CrashTracker (198)
[2016.03.28-01.20.23:477][730]LogModuleManager: Shutting down and abandoning module SceneOutliner (197)
[2016.03.28-01.20.23:477][730]LogModuleManager: Shutting down and abandoning module SuperSearch (196)
[2016.03.28-01.20.23:477][730]LogModuleManager: Shutting down and abandoning module WidgetCarousel (195)
[2016.03.28-01.20.23:490][730]LogModuleManager: Shutting down and abandoning module AddContentDialog (194)
[2016.03.28-01.20.23:499][730]LogModuleManager: Shutting down and abandoning module EditorWidgets (193)
[2016.03.28-01.20.23:499][730]LogModuleManager: Shutting down and abandoning module CollectionManager (192)
[2016.03.28-01.20.23:511][730]LogModuleManager: Shutting down and abandoning module StatsViewer (191)
[2016.03.28-01.20.23:530][730]LogModuleManager: Shutting down and abandoning module FoliageEdit (190)
[2016.03.28-01.20.23:533][730]LogModuleManager: Shutting down and abandoning module LandscapeEditor (189)
[2016.03.28-01.20.23:544][730]LogModuleManager: Shutting down and abandoning module ActorPickerMode (188)
[2016.03.28-01.20.23:544][730]LogModuleManager: Shutting down and abandoning module GeometryMode (187)
[2016.03.28-01.20.23:544][730]LogModuleManager: Shutting down and abandoning module TextureAlignMode (186)
[2016.03.28-01.20.23:544][730]LogModuleManager: Shutting down and abandoning module BspMode (185)
[2016.03.28-01.20.23:544][730]LogModuleManager: Shutting down and abandoning module PlacementMode (184)
[2016.03.28-01.20.23:544][730]LogModuleManager: Shutting down and abandoning module AutomationWorker (183)
[2016.03.28-01.20.23:545][730]LogModuleManager: Shutting down and abandoning module CharacterAI (182)
[2016.03.28-01.20.23:545][730]LogModuleManager: Shutting down and abandoning module SmartSnapping (181)
[2016.03.28-01.20.23:545][730]LogModuleManager: Shutting down and abandoning module ViewportSnapping (180)
[2016.03.28-01.20.23:545][730]LogModuleManager: Shutting down and abandoning module LogVisualizer (179)
[2016.03.28-01.20.23:573][730]LogModuleManager: Shutting down and abandoning module GameProjectGeneration (178)
[2016.03.28-01.20.23:586][730]LogModuleManager: Shutting down and abandoning module IntroTutorials (177)
[2016.03.28-01.20.23:608][730]LogModuleManager: Shutting down and abandoning module EditorLiveStreaming (176)
[2016.03.28-01.20.23:608][730]LogModuleManager: Shutting down and abandoning module IOSPlatformEditor (175)
[2016.03.28-01.20.23:616][730]LogModuleManager: Shutting down and abandoning module HTML5PlatformEditor (174)
[2016.03.28-01.20.23:616][730]LogModuleManager: Shutting down and abandoning module AndroidDeviceDetection (173)
[2016.03.28-01.20.24:010][730]LogModuleManager: Shutting down and abandoning module AndroidPlatformEditor (172)
[2016.03.28-01.20.24:010][730]LogModuleManager: Shutting down and abandoning module IOSRuntimeSettings (171)
[2016.03.28-01.20.24:010][730]LogModuleManager: Shutting down and abandoning module AndroidRuntimeSettings (170)
[2016.03.28-01.20.24:010][730]LogModuleManager: Shutting down and abandoning module MergeActors (169)
[2016.03.28-01.20.24:014][730]LogModuleManager: Shutting down and abandoning module SizeMap (168)
[2016.03.28-01.20.24:014][730]LogModuleManager: Shutting down and abandoning module TreeMap (167)
[2016.03.28-01.20.24:032][730]LogModuleManager: Shutting down and abandoning module ReferenceViewer (166)
[2016.03.28-01.20.24:040][730]LogModuleManager: Shutting down and abandoning module LocalizationService (165)
[2016.03.28-01.20.24:045][730]LogModuleManager: Shutting down and abandoning module LocalizationDashboard (164)
[2016.03.28-01.20.24:052][730]LogModuleManager: Shutting down and abandoning module HardwareTargeting (163)
[2016.03.28-01.20.24:060][730]LogModuleManager: Shutting down and abandoning module DeviceProfileEditor (162)
[2016.03.28-01.20.24:069][730]LogModuleManager: Shutting down and abandoning module UndoHistory (161)
[2016.03.28-01.20.24:078][730]LogModuleManager: Shutting down and abandoning module GameplayTagsEditor (160)
[2016.03.28-01.20.24:084][730]LogModuleManager: Shutting down and abandoning module UserFeedback (159)
[2016.03.28-01.20.24:084][730]LogModuleManager: Shutting down and abandoning module XmlParser (158)
[2016.03.28-01.20.24:096][730]LogModuleManager: Shutting down and abandoning module Blutility (157)
[2016.03.28-01.20.24:096][730]LogModuleManager: Shutting down and abandoning module ProjectTargetPlatformEditor (156)
[2016.03.28-01.20.24:105][730]LogModuleManager: Shutting down and abandoning module ProjectSettingsViewer (155)
[2016.03.28-01.20.24:105][730]LogModuleManager: Shutting down and abandoning module InputBindingEditor (154)
[2016.03.28-01.20.24:123][730]LogModuleManager: Shutting down and abandoning module EditorSettingsViewer (153)
[2016.03.28-01.20.24:123][730]LogModuleManager: Shutting down and abandoning module SettingsEditor (152)
[2016.03.28-01.20.24:157][730]LogModuleManager: Shutting down and abandoning module ProjectLauncher (151)
[2016.03.28-01.20.24:165][730]LogModuleManager: Shutting down and abandoning module SessionFrontend (150)
[2016.03.28-01.20.24:185][730]LogModuleManager: Shutting down and abandoning module ProfilerClient (149)
[2016.03.28-01.20.24:211][730]LogModuleManager: Shutting down and abandoning module TargetDeviceServices (148)
[2016.03.28-01.20.24:216][730]LogModuleManager: Shutting down and abandoning module DeviceManager (147)
[2016.03.28-01.20.24:231][730]LogModuleManager: Shutting down and abandoning module AutomationController (146)
[2016.03.28-01.20.24:251][730]LogModuleManager: Shutting down and abandoning module AutomationWindow (145)
[2016.03.28-01.20.24:262][730]LogModuleManager: Shutting down and abandoning module Layers (144)
[2016.03.28-01.20.24:276][730]LogModuleManager: Shutting down and abandoning module ComponentVisualizers (143)
[2016.03.28-01.20.24:276][730]LogModuleManager: Shutting down and abandoning module DetailCustomizations (142)
[2016.03.28-01.20.24:285][730]LogModuleManager: Shutting down and abandoning module PackagesDialog (141)
[2016.03.28-01.20.24:286][730]LogModuleManager: Shutting down and abandoning module Persona (140)
[2016.03.28-01.20.24:319][730]LogModuleManager: Shutting down and abandoning module Kismet (139)
[2016.03.28-01.20.24:329][730]LogModuleManager: Shutting down and abandoning module GraphEditor (138)
[2016.03.28-01.20.24:355][730]LogModuleManager: Shutting down and abandoning module ClassViewer (137)
[2016.03.28-01.20.24:362][730]LogModuleManager: Shutting down and abandoning module Toolbox (136)
[2016.03.28-01.20.24:362][730]LogModuleManager: Shutting down and abandoning module ModuleUI (135)
[2016.03.28-01.20.24:367][730]LogModuleManager: Shutting down and abandoning module MovieSceneTools (134)
[2016.03.28-01.20.24:375][730]LogModuleManager: Shutting down and abandoning module OutputLog (133)
[2016.03.28-01.20.24:375][730]LogModuleManager: Shutting down and abandoning module GammaUI (132)
[2016.03.28-01.20.24:384][730]LogModuleManager: Shutting down and abandoning module Documentation (131)
[2016.03.28-01.20.24:384][730]LogModuleManager: Shutting down and abandoning module GameLiveStreaming (130)
[2016.03.28-01.20.24:389][730]LogModuleManager: Shutting down and abandoning module StreamingPauseRendering (129)
[2016.03.28-01.20.24:389][730]LogModuleManager: Shutting down and abandoning module AnalyticsET (128)
[2016.03.28-01.20.24:389][730]LogModuleManager: Shutting down and abandoning module Analytics (127)
[2016.03.28-01.20.24:389][730]LogModuleManager: Shutting down and abandoning module AITestSuite (126)
[2016.03.28-01.20.24:409][730]LogModuleManager: Shutting down and abandoning module GameplayDebugger (125)
[2016.03.28-01.20.24:422][730]LogModuleManager: Shutting down and abandoning module AIModule (124)
[2016.03.28-01.20.24:439][730]LogModuleManager: Shutting down and abandoning module ProfilerService (123)
[2016.03.28-01.20.24:496][730]LogModuleManager: Shutting down and abandoning module TaskGraph (122)
[2016.03.28-01.20.24:506][730]LogModuleManager: Shutting down and abandoning module SlateRemote (121)
[2016.03.28-01.20.24:506][730]LogModuleManager: Shutting down and abandoning module SteamVRController (120)
[2016.03.28-01.20.24:506][730]LogModuleManager: Shutting down and abandoning module SteamVR (119)
[2016.03.28-01.20.24:506][730]LogModuleManager: Shutting down and abandoning module ProceduralMeshComponent (118)
[2016.03.28-01.20.24:506][730]LogModuleManager: Shutting down and abandoning module OculusLibrary (117)
[2016.03.28-01.20.24:506][730]LogModuleManager: Shutting down and abandoning module OculusInput (116)
[2016.03.28-01.20.24:506][730]LogModuleManager: Shutting down and abandoning module LeapMotionController (115)
[2016.03.28-01.20.24:555][730]LogModuleManager: Shutting down and abandoning module CustomMeshComponent (114)
[2016.03.28-01.20.24:555][730]LogModuleManager: Shutting down and abandoning module CableComponent (113)
[2016.03.28-01.20.24:555][730]LogModuleManager: Shutting down and abandoning module ArchVisCharacter (112)
[2016.03.28-01.20.24:555][730]LogModuleManager: Shutting down and abandoning module MessagingDebugger (111)
[2016.03.28-01.20.24:573][730]LogModuleManager: Shutting down and abandoning module MediaPlayerEditor (110)
[2016.03.28-01.20.24:586][730]LogModuleManager: Shutting down and abandoning module HTML5Networking (109)
[2016.03.28-01.20.24:586][730]LogModuleManager: Shutting down and abandoning module SpeedTreeImporter (108)
[2016.03.28-01.20.24:586][730]LogModuleManager: Shutting down and abandoning module PluginBrowser (107)
[2016.03.28-01.20.24:599][730]LogModuleManager: Shutting down and abandoning module EpicSurvey (106)
[2016.03.28-01.20.24:604][730]LogModuleManager: Shutting down and abandoning module DesktopPlatform (105)
[2016.03.28-01.20.24:616][730]LogModuleManager: Shutting down and abandoning module VisualStudioSourceCodeAccess (104)
[2016.03.28-01.20.24:622][730]LogModuleManager: Shutting down and abandoning module UObjectPlugin (103)
[2016.03.28-01.20.24:622][730]LogModuleManager: Shutting down and abandoning module SubversionSourceControl (102)
[2016.03.28-01.20.24:639][730]LogModuleManager: Shutting down and abandoning module PerforceSourceControl (101)
[2016.03.28-01.20.24:658][730]LogModuleManager: Shutting down and abandoning module SourceControl (100)
[2016.03.28-01.20.24:658][730]LogModuleManager: Shutting down and abandoning module GitSourceControl (99)
[2016.03.28-01.20.24:663][730]LogModuleManager: Shutting down and abandoning module LightPropagationVolumeEditor (98)
[2016.03.28-01.20.24:663][730]LogModuleManager: Shutting down and abandoning module PaperTiledImporter (97)
[2016.03.28-01.20.24:667][730]LogModuleManager: Shutting down and abandoning module PaperSpriteSheetImporter (96)
[2016.03.28-01.20.24:667][730]LogModuleManager: Shutting down and abandoning module MeshPaint (95)
[2016.03.28-01.20.24:667][730]LogModuleManager: Shutting down and abandoning module SlateReflector (94)
[2016.03.28-01.20.24:683][730]LogModuleManager: Shutting down and abandoning module HotReload (93)
[2016.03.28-01.20.24:688][730]LogModuleManager: Shutting down and abandoning module MainFrame (92)
[2016.03.28-01.20.24:688][730]LogModuleManager: Shutting down and abandoning module LevelEditor (91)
[2016.03.28-01.20.24:703][730]LogModuleManager: Shutting down and abandoning module DirectoryWatcher (90)
[2016.03.28-01.20.24:704][730]LogModuleManager: Shutting down and abandoning module AssetRegistry (89)
[2016.03.28-01.20.24:818][730]LogModuleManager: Shutting down and abandoning module ContentBrowser (88)
[2016.03.28-01.20.24:819][730]LogModuleManager: Shutting down and abandoning module Paper2DEditor (87)
[2016.03.28-01.20.24:838][730]LogModuleManager: Shutting down and abandoning module UdpMessaging (86)
[2016.03.28-01.20.24:938][730]LogModuleManager: Shutting down and abandoning module LightPropagationVolumeRuntime (85)
[2016.03.28-01.20.24:938][730]LogModuleManager: Shutting down and abandoning module Paper2D (84)
[2016.03.28-01.20.24:963][730]LogModuleManager: Shutting down and abandoning module WindowsMoviePlayer (83)
[2016.03.28-01.20.24:979][730]LogModuleManager: Shutting down and abandoning module Media (82)
[2016.03.28-01.20.24:979][730]LogModuleManager: Shutting down and abandoning module WmfMedia (81)
[2016.03.28-01.20.24:991][730]LogModuleManager: Shutting down and abandoning module OnlineBlueprintSupport (80)
[2016.03.28-01.20.24:991][730]LogModuleManager: Shutting down and abandoning module GameplayTasksEditor (79)
[2016.03.28-01.20.24:991][730]LogModuleManager: Shutting down and abandoning module PropertyEditor (78)
[2016.03.28-01.20.24:991][730]LogModuleManager: Shutting down and abandoning module BehaviorTreeEditor (77)
[2016.03.28-01.20.25:009][730]LogModuleManager: Shutting down and abandoning module FunctionalTesting (76)
[2016.03.28-01.20.25:009][730]LogModuleManager: Shutting down and abandoning module CollisionAnalyzer (75)
[2016.03.28-01.20.25:016][730]LogModuleManager: Shutting down and abandoning module WorkspaceMenuStructure (74)
[2016.03.28-01.20.25:016][730]LogModuleManager: Shutting down and abandoning module MessageLog (73)
[2016.03.28-01.20.25:016][730]LogModuleManager: Shutting down and abandoning module Sequencer (72)
[2016.03.28-01.20.25:029][730]LogModuleManager: Shutting down and abandoning module AssetTools (71)
[2016.03.28-01.20.25:048][730]LogModuleManager: Shutting down and abandoning module UMGEditor (70)
[2016.03.28-01.20.25:067][730]LogModuleManager: Shutting down and abandoning module UMG (69)
[2016.03.28-01.20.25:085][730]LogModuleManager: Shutting down and abandoning module Slate (68)
[2016.03.28-01.20.25:085][730]LogModuleManager: Shutting down and abandoning module EditorStyle (67)
[2016.03.28-01.20.25:087][730]LogModuleManager: Shutting down and abandoning module SessionServices (66)
[2016.03.28-01.20.25:087][730]LogModuleManager: Shutting down and abandoning module SourceCodeAccess (65)
[2016.03.28-01.20.25:087][730]LogModuleManager: Shutting down and abandoning module HeadMountedDisplay (64)
[2016.03.28-01.20.25:087][730]LogModuleManager: Shutting down and abandoning module XAudio2 (63)
[2016.03.28-01.20.25:087][730]LogModuleManager: Shutting down and abandoning module Networking (61)
[2016.03.28-01.20.25:087][730]LogModuleManager: Shutting down and abandoning module Core (60)
[2016.03.28-01.20.25:087][730]LogModuleManager: Shutting down and abandoning module KismetCompiler (59)
[2016.03.28-01.20.25:087][730]LogModuleManager: Shutting down and abandoning module PhysXFormats (58)
[2016.03.28-01.20.25:098][730]LogModuleManager: Shutting down and abandoning module MeshUtilities (57)
[2016.03.28-01.20.25:121][730]LogModuleManager: Shutting down and abandoning module DerivedDataCache (56)
[2016.03.28-01.20.25:198][730]LogDerivedDataCache: Shutdown
[2016.03.28-01.20.25:198][730]LogModuleManager: Shutting down and abandoning module ShaderFormatOpenGL (55)
[2016.03.28-01.20.25:209][730]LogModuleManager: Shutting down and abandoning module ShaderFormatD3D (54)
[2016.03.28-01.20.25:218][730]LogModuleManager: Shutting down and abandoning module MetalShaderFormat (53)
[2016.03.28-01.20.25:238][730]LogModuleManager: Shutting down and abandoning module TextureFormatUncompressed (52)
[2016.03.28-01.20.25:238][730]LogModuleManager: Shutting down and abandoning module TextureFormatPVR (51)
[2016.03.28-01.20.25:250][730]LogModuleManager: Shutting down and abandoning module TextureFormatIntelISPCTexComp (50)
[2016.03.28-01.20.25:260][730]LogModuleManager: Shutting down and abandoning module TextureFormatDXT (49)
[2016.03.28-01.20.25:267][730]LogModuleManager: Shutting down and abandoning module ImageWrapper (48)
[2016.03.28-01.20.25:267][730]LogModuleManager: Shutting down and abandoning module TextureFormatASTC (47)
[2016.03.28-01.20.25:267][730]LogModuleManager: Shutting down and abandoning module TextureFormatAndroid (46)
[2016.03.28-01.20.25:267][730]LogModuleManager: Shutting down and abandoning module AudioFormatOpus (45)
[2016.03.28-01.20.25:284][730]LogModuleManager: Shutting down and abandoning module AudioFormatOgg (44)
[2016.03.28-01.20.25:292][730]LogModuleManager: Shutting down and abandoning module AudioFormatADPCM (43)
[2016.03.28-01.20.25:297][730]LogModuleManager: Shutting down and abandoning module LinuxTargetPlatform (42)
[2016.03.28-01.20.25:297][730]LogModuleManager: Shutting down and abandoning module LinuxServerTargetPlatform (41)
[2016.03.28-01.20.25:302][730]LogModuleManager: Shutting down and abandoning module LinuxNoEditorTargetPlatform (40)
[2016.03.28-01.20.25:312][730]LogModuleManager: Shutting down and abandoning module Messaging (39)
[2016.03.28-01.20.25:312][730]LogModuleManager: Shutting down and abandoning module IOSTargetPlatform (38)
[2016.03.28-01.20.25:312][730]LogModuleManager: Shutting down and abandoning module HTML5TargetPlatform (37)
[2016.03.28-01.20.25:312][730]LogModuleManager: Shutting down and abandoning module Android_PVRTCTargetPlatform (36)
[2016.03.28-01.20.25:312][730]LogModuleManager: Shutting down and abandoning module Android_MultiTargetPlatform (35)
[2016.03.28-01.20.25:312][730]LogModuleManager: Shutting down and abandoning module Android_ETC2TargetPlatform (34)
[2016.03.28-01.20.25:312][730]LogModuleManager: Shutting down and abandoning module Android_ETC1TargetPlatform (33)
[2016.03.28-01.20.25:312][730]LogModuleManager: Shutting down and abandoning module Android_DXTTargetPlatform (32)
[2016.03.28-01.20.25:312][730]LogModuleManager: Shutting down and abandoning module Android_ATCTargetPlatform (31)
[2016.03.28-01.20.25:312][730]LogModuleManager: Shutting down and abandoning module Android_ASTCTargetPlatform (30)
[2016.03.28-01.20.25:312][730]LogModuleManager: Shutting down and abandoning module AndroidTargetPlatform (29)
[2016.03.28-01.20.25:312][730]LogModuleManager: Shutting down and abandoning module WindowsTargetPlatform (28)
[2016.03.28-01.20.25:312][730]LogModuleManager: Shutting down and abandoning module WindowsServerTargetPlatform (27)
[2016.03.28-01.20.25:320][730]LogModuleManager: Shutting down and abandoning module WindowsNoEditorTargetPlatform (26)
[2016.03.28-01.20.25:326][730]LogModuleManager: Shutting down and abandoning module WindowsClientTargetPlatform (25)
[2016.03.28-01.20.25:337][730]LogModuleManager: Shutting down and abandoning module AllDesktopTargetPlatform (24)
[2016.03.28-01.20.25:337][730]LogModuleManager: Shutting down and abandoning module TargetPlatform (23)
[2016.03.28-01.20.25:337][730]LogModuleManager: Shutting down and abandoning module InputCore (22)
[2016.03.28-01.20.25:337][730]LogModuleManager: Shutting down and abandoning module Settings (21)
[2016.03.28-01.20.25:337][730]LogModuleManager: Shutting down and abandoning module OnlineSubsystem (19)
[2016.03.28-01.20.25:337][730]LogModuleManager: Shutting down and abandoning module HTTP (18)
[2016.03.28-01.20.27:337][730]LogModuleManager: Shutting down and abandoning module XMPP (17)
[2016.03.28-01.20.27:358][730]LogModuleManager: Shutting down and abandoning module OculusRift (16)
[2016.03.28-01.20.27:368][730]LogModuleManager: Shutting down and abandoning module ExampleDeviceProfileSelector (15)
[2016.03.28-01.20.27:368][730]LogModuleManager: Shutting down and abandoning module TextureCompressor (14)
[2016.03.28-01.20.27:386][730]LogModuleManager: Shutting down and abandoning module ShaderCore (13)
[2016.03.28-01.20.27:386][730]LogModuleManager: Shutting down and abandoning module Landscape (12)
[2016.03.28-01.20.27:386][730]LogModuleManager: Shutting down and abandoning module SlateRHIRenderer (11)
[2016.03.28-01.20.27:410][730]LogModuleManager: Shutting down and abandoning module OpenGLDrv (10)
[2016.03.28-01.20.27:420][730]LogModuleManager: Shutting down and abandoning module D3D11RHI (9)
[2016.03.28-01.20.27:420][730]LogModuleManager: Shutting down and abandoning module AnimGraphRuntime (8)
[2016.03.28-01.20.27:431][730]LogModuleManager: Shutting down and abandoning module Renderer (7)
[2016.03.28-01.20.27:431][730]LogModuleManager: Shutting down and abandoning module Engine (6)
[2016.03.28-01.20.27:431][730]LogModuleManager: Shutting down and abandoning module CoreUObject (5)
[2016.03.28-01.20.27:431][730]LogModuleManager: Shutting down and abandoning module NetworkFile (4)
[2016.03.28-01.20.27:439][730]LogModuleManager: Shutting down and abandoning module StreamingFile (3)
[2016.03.28-01.20.27:444][730]LogModuleManager: Shutting down and abandoning module SandboxFile (2)
[2016.03.28-01.20.27:458][730]LogModuleManager: Shutting down and abandoning module PakFile (1)
[2016.03.28-01.20.27:471][730]LogExit: Exiting.
[2016.03.28-01.20.27:476][730]Log file closed, 03/27/16 21:20:27
